mem_allocator initialized!
WAIT_DIE
workload initialized!
Query Queue Init Time 0.003704
query_queue initialized!
[txn] detect abortion in txn 0
[YCSB] detected abort
[thread-0] txn 0 is aborted
[txn] detect abortion in txn 1
[txn] increment runtime 43469 for thread-2
[YCSB] detected abort
[thread-1] txn 1 is aborted
[txn] increment runtime 50475 for thread-1
[txn] increment runtime 43255 for thread-0
[txn] increment runtime 52259 for thread-3
[txn] increment runtime 22156 for thread-2
[txn] increment runtime 20257 for thread-3
[txn] increment runtime 15745 for thread-2
[txn] increment runtime 17505 for thread-3
[txn] increment runtime 13530 for thread-2
[txn] increment runtime 17375 for thread-3
[txn] increment runtime 15866 for thread-2
[txn] increment runtime 14113 for thread-3
[txn] increment runtime 14446 for thread-2
[txn] increment runtime 14392 for thread-3
[txn] increment runtime 13622 for thread-2
[txn] increment runtime 16310 for thread-3
[txn] increment runtime 14820 for thread-2
[txn] increment runtime 14855 for thread-3
[txn] increment runtime 11778 for thread-2
[txn] increment runtime 16852 for thread-3
[txn] increment runtime 16065 for thread-2
[txn] increment runtime 14086 for thread-2
[txn] increment runtime 15238 for thread-3
[txn] increment runtime 13530 for thread-3
[txn] increment runtime 17653 for thread-2
[txn] increment runtime 9876 for thread-2
[txn] increment runtime 14624 for thread-3
[txn] increment runtime 13618 for thread-2
[txn] increment runtime 13823 for thread-3
[txn] increment runtime 12778 for thread-3
[txn] increment runtime 15196 for thread-2
[txn] increment runtime 12054 for thread-2
[txn] increment runtime 13937 for thread-3
[txn] increment runtime 12364 for thread-2
[txn] increment runtime 16157 for thread-3
[txn] increment runtime 13066 for thread-2
[txn] increment runtime 12410 for thread-3
[txn] increment runtime 12936 for thread-2
[txn] increment runtime 9717 for thread-3
[txn] increment runtime 11839 for thread-2
[txn] increment runtime 11578 for thread-3
[txn] increment runtime 11415 for thread-2
[txn] increment runtime 13836 for thread-3
[txn] increment runtime 10428 for thread-2
[txn] detect abortion in txn 90
[txn] increment runtime 14157 for thread-3
[YCSB] detected abort
[thread-2] txn 90 is aborted
[txn] increment runtime 10599 for thread-2
[txn] increment runtime 11598 for thread-3
[txn] increment runtime 10590 for thread-3
[txn] increment runtime 12280 for thread-3
[txn] increment runtime 11722 for thread-3
[txn] increment runtime 10751 for thread-3
[txn] increment runtime 9779 for thread-3
[txn] increment runtime 11488 for thread-3
[txn] increment runtime 9011 for thread-3
[txn] increment runtime 9073 for thread-3
[txn] increment runtime 11709 for thread-3
[txn] increment runtime 10950 for thread-3
[txn] increment runtime 10650 for thread-3
[txn] increment runtime 10734 for thread-3
[txn] increment runtime 10523 for thread-3
[txn] increment runtime 9705 for thread-3
[txn] increment runtime 11242 for thread-3
[txn] increment runtime 10756 for thread-3
[txn] increment runtime 8462 for thread-3
[txn] increment runtime 10828 for thread-3
[txn] increment runtime 9654 for thread-3
[txn] increment runtime 7280 for thread-3
[txn] increment runtime 9639 for thread-3
[txn] increment runtime 10769 for thread-3
[txn] increment runtime 7843 for thread-3
[txn] increment runtime 10215 for thread-3
[txn] increment runtime 10813 for thread-3
[txn] increment runtime 9579 for thread-3
[txn] increment runtime 10558 for thread-3
[txn] increment runtime 7969 for thread-3
[txn] increment runtime 8884 for thread-3
[txn] increment runtime 8633 for thread-3
[txn] increment runtime 9328 for thread-3
[txn] increment runtime 8199 for thread-3
[txn] increment runtime 10137 for thread-3
[txn] increment runtime 10478 for thread-3
[txn] increment runtime 9504 for thread-3
[txn] increment runtime 8406 for thread-3
[txn] increment runtime 6787 for thread-3
[txn] increment runtime 9797 for thread-3
[txn] increment runtime 8398 for thread-3
[txn] increment runtime 8970 for thread-3
[txn] increment runtime 9372 for thread-3
[txn] increment runtime 10073 for thread-3
[txn] increment runtime 10265 for thread-3
[txn] increment runtime 9880 for thread-3
[txn] increment runtime 9225 for thread-3
[txn] increment runtime 7973 for thread-3
[txn] increment runtime 9908 for thread-3
[txn] increment runtime 7746 for thread-3
[txn] increment runtime 8987 for thread-3
[txn] increment runtime 8294 for thread-3
[txn] increment runtime 9042 for thread-3
[txn] increment runtime 8067 for thread-3
[txn] increment runtime 7620 for thread-3
[txn] increment runtime 8682 for thread-3
[txn] increment runtime 8233 for thread-3
[txn] increment runtime 8884 for thread-3
[txn] increment runtime 8745 for thread-3
[txn] increment runtime 8694 for thread-3
[txn] increment runtime 8530 for thread-3
[txn] increment runtime 8460 for thread-3
[txn] increment runtime 8054 for thread-3
[txn] increment runtime 7883 for thread-3
[txn] increment runtime 8771 for thread-3
[txn] increment runtime 8079 for thread-3
[txn] increment runtime 9246 for thread-3
[txn] increment runtime 7647 for thread-3
[txn] increment runtime 8048 for thread-3
[txn] increment runtime 7461 for thread-3
[txn] increment runtime 7007 for thread-3
[txn] increment runtime 8521 for thread-3
[txn] increment runtime 7788 for thread-3
[txn] increment runtime 6666 for thread-3
[txn] increment runtime 7930 for thread-3
[txn] increment runtime 7775 for thread-3
[txn] increment runtime 7484 for thread-3
[txn] increment runtime 7759 for thread-3
[txn] increment runtime 7420 for thread-3
[txn] increment runtime 9706 for thread-3
[txn] increment runtime 27937900 for thread-0
[txn] increment runtime 31089164 for thread-2
[txn] increment runtime 59880843 for thread-1
PASS! SimTime = 60166362
[tid=0] txn_cnt=1,abort_cnt=1
[tid=1] txn_cnt=1,abort_cnt=1
[tid=2] txn_cnt=23,abort_cnt=1
[tid=3] txn_cnt=100,abort_cnt=0
[summary] txn_cnt=125, abort_cnt=3, run_time=0.120418, time_wait=0.000000, time_ts_alloc=0.000012, time_man=0.000892, time_index=0.000093, time_abort=0.000104, time_cleanup=0.000188, latency=0.000963, deadlock_cnt=0, cycle_detect=0, dl_detect_time=0.000000, dl_wait_time=0.000000, time_query=0.118881, debug1=0.000000, debug2=0.000000, debug3=0.000000, debug4=0.000000, debug5=0.000000, throughput=4152.217538
mem_allocator initialized!
WOUND_WAIT
workload initialized!
Query Queue Init Time 0.003894
query_queue initialized!
thread 3 start running txn 3
thread 1 start running txn 1
thread 0 start running txn 0
thread 2 start running txn 2
[row] thread-1 increment wait time 16333 since txn 1 is waiting
[txn] increment runtime 54643 for thread-3
thread 3 start running txn 7
[row] thread-0 increment wait time 15814 since txn 0 is waiting
[txn] increment runtime 56296 for thread-2
[row_ww]txn 1 abort txn 7
thread 2 start running txn 6
[txn] set txn 7 to abort.
[row] txn 7 is aborted while trying to get row (wait)
[txn] detect abortion in txn 7
[YCSB] detected abort
[row] thread-1 increment wait time 3392 since txn 1 is waiting
[thread-3] txn 7 is aborted
[row] thread-0 increment wait time 18568 since txn 0 is waiting
[txn] increment runtime 82720 for thread-1
[txn] increment runtime 28921 for thread-3
thread 1 start running txn 5
[row] thread-2 increment wait time 2483 since txn 6 is waiting
[txn] increment runtime 35770 for thread-2
thread 2 start running txn 10
[row] thread-1 increment wait time 7271 since txn 5 is waiting
[txn] increment runtime 97086 for thread-0
thread 0 start running txn 4
[row] thread-2 increment wait time 7810 since txn 10 is waiting
[txn] increment runtime 19231 for thread-0
thread 0 start running txn 8
[txn] increment runtime 27564 for thread-1
thread 1 start running txn 9
[txn] increment runtime 33532 for thread-2
thread 2 start running txn 14
[txn] increment runtime 17486 for thread-0
thread 0 start running txn 12
[txn] increment runtime 13843 for thread-2
thread 2 start running txn 18
[txn] increment runtime 20988 for thread-1
[row] thread-0 increment wait time 700 since txn 12 is waiting
thread 1 start running txn 13
[row] thread-2 increment wait time 3089 since txn 18 is waiting
[txn] increment runtime 21533 for thread-0
thread 0 start running txn 16
[txn] increment runtime 20488 for thread-2
thread 2 start running txn 22
[txn] increment runtime 21162 for thread-1
thread 1 start running txn 17
[txn] increment runtime 15810 for thread-0
[row] thread-2 increment wait time 6044 since txn 22 is waiting
thread 0 start running txn 20
[row_ww]txn 22 abort txn 17
[txn] set txn 17 to abort.
[row] txn 17 is aborted while trying to get row (wait)
[txn] detect abortion in txn 17
[row] thread-2 increment wait time 4202 since txn 22 is waiting
[txn] increment runtime 17705 for thread-0
thread 0 start running txn 24
[txn] increment runtime 38102 for thread-2
[YCSB] detected abort
thread 2 start running txn 26
[thread-1] txn 17 is aborted
[txn] increment runtime 41015 for thread-1
[txn] increment runtime 14494 for thread-0
thread 0 start running txn 28
[txn] increment runtime 18535 for thread-2
thread 2 start running txn 30
[txn] increment runtime 12633 for thread-0
thread 0 start running txn 32
[txn] increment runtime 14700 for thread-2
thread 2 start running txn 34
[txn] increment runtime 14381 for thread-0
thread 0 start running txn 36
[row_ww]txn 34 abort txn 36
[txn] set txn 36 to abort.
[row] txn 36 is aborted while trying to get row (rcok)
[txn] detect abortion in txn 36
[row] thread-2 increment wait time 2899 since txn 34 is waiting
[YCSB] detected abort
[thread-0] txn 36 is aborted
[txn] increment runtime 14460 for thread-0
[txn] increment runtime 19188 for thread-2
thread 2 start running txn 38
[txn] increment runtime 13752 for thread-2
thread 2 start running txn 42
[txn] increment runtime 13269 for thread-2
thread 2 start running txn 46
[txn] increment runtime 17961 for thread-2
thread 2 start running txn 50
[txn] increment runtime 9680 for thread-2
thread 2 start running txn 54
[txn] increment runtime 13202 for thread-2
thread 2 start running txn 58
[txn] increment runtime 14757 for thread-2
thread 2 start running txn 62
[txn] increment runtime 12566 for thread-2
thread 2 start running txn 66
[txn] increment runtime 12390 for thread-2
thread 2 start running txn 70
[txn] increment runtime 12225 for thread-2
thread 2 start running txn 74
[txn] increment runtime 12939 for thread-2
thread 2 start running txn 78
[txn] increment runtime 50919 for thread-2
thread 2 start running txn 82
[txn] increment runtime 11291 for thread-2
thread 2 start running txn 86
[txn] increment runtime 9541 for thread-2
thread 2 start running txn 90
[txn] increment runtime 9568 for thread-2
thread 2 start running txn 94
[txn] increment runtime 11683 for thread-2
thread 2 start running txn 98
[txn] increment runtime 11405 for thread-2
thread 2 start running txn 102
[txn] increment runtime 11015 for thread-2
thread 2 start running txn 106
[txn] increment runtime 10712 for thread-2
thread 2 start running txn 110
[txn] increment runtime 9858 for thread-2
thread 2 start running txn 114
[txn] increment runtime 10892 for thread-2
thread 2 start running txn 118
[txn] increment runtime 9341 for thread-2
thread 2 start running txn 122
[txn] increment runtime 10054 for thread-2
thread 2 start running txn 126
[txn] increment runtime 12102 for thread-2
thread 2 start running txn 130
[txn] increment runtime 12567 for thread-2
thread 2 start running txn 134
[txn] increment runtime 10898 for thread-2
thread 2 start running txn 138
[txn] increment runtime 9575 for thread-2
thread 2 start running txn 142
[txn] increment runtime 10415 for thread-2
thread 2 start running txn 146
[txn] increment runtime 9757 for thread-2
thread 2 start running txn 150
[txn] increment runtime 8617 for thread-2
thread 2 start running txn 154
[txn] increment runtime 10393 for thread-2
thread 2 start running txn 158
[txn] increment runtime 9709 for thread-2
thread 2 start running txn 162
[txn] increment runtime 8098 for thread-2
thread 2 start running txn 166
[txn] increment runtime 10386 for thread-2
thread 2 start running txn 170
[txn] increment runtime 11275 for thread-2
thread 2 start running txn 174
[txn] increment runtime 9390 for thread-2
thread 2 start running txn 178
[txn] increment runtime 9169 for thread-2
thread 2 start running txn 182
[txn] increment runtime 10067 for thread-2
thread 2 start running txn 186
[txn] increment runtime 8347 for thread-2
thread 2 start running txn 190
[txn] increment runtime 10805 for thread-2
thread 2 start running txn 194
[txn] increment runtime 8683 for thread-2
thread 2 start running txn 198
[txn] increment runtime 9251 for thread-2
thread 2 start running txn 202
[txn] increment runtime 10676 for thread-2
thread 2 start running txn 206
[txn] increment runtime 8863 for thread-2
thread 2 start running txn 210
[txn] increment runtime 12296 for thread-2
thread 2 start running txn 214
[txn] increment runtime 9727 for thread-2
thread 2 start running txn 218
[txn] increment runtime 8784 for thread-2
thread 2 start running txn 222
[txn] increment runtime 8556 for thread-2
thread 2 start running txn 226
[txn] increment runtime 7500 for thread-2
thread 2 start running txn 230
[txn] increment runtime 9535 for thread-2
thread 2 start running txn 234
[txn] increment runtime 9150 for thread-2
thread 2 start running txn 238
[txn] increment runtime 9440 for thread-2
thread 2 start running txn 242
[txn] increment runtime 7808 for thread-2
thread 2 start running txn 246
[txn] increment runtime 8057 for thread-2
thread 2 start running txn 250
[txn] increment runtime 10389 for thread-2
thread 2 start running txn 254
[txn] increment runtime 8566 for thread-2
thread 2 start running txn 258
[txn] increment runtime 10285 for thread-2
thread 2 start running txn 262
[txn] increment runtime 8329 for thread-2
thread 2 start running txn 266
[txn] increment runtime 8100 for thread-2
thread 2 start running txn 270
[txn] increment runtime 9673 for thread-2
thread 2 start running txn 274
[txn] increment runtime 9309 for thread-2
thread 2 start running txn 278
[txn] increment runtime 9398 for thread-2
thread 2 start running txn 282
[txn] increment runtime 10210 for thread-2
thread 2 start running txn 286
[txn] increment runtime 9205 for thread-2
thread 2 start running txn 290
[txn] increment runtime 7872 for thread-2
thread 2 start running txn 294
[txn] increment runtime 9380 for thread-2
thread 2 start running txn 298
[txn] increment runtime 8336 for thread-2
thread 2 start running txn 302
[txn] increment runtime 20788 for thread-2
thread 2 start running txn 306
[txn] increment runtime 10269 for thread-2
thread 2 start running txn 310
[txn] increment runtime 8094 for thread-2
thread 2 start running txn 314
[txn] increment runtime 8032 for thread-2
thread 2 start running txn 318
[txn] increment runtime 7242 for thread-2
thread 2 start running txn 322
[txn] increment runtime 8821 for thread-2
thread 2 start running txn 326
[txn] increment runtime 8769 for thread-2
thread 2 start running txn 330
[txn] increment runtime 8349 for thread-2
thread 2 start running txn 334
[txn] increment runtime 7815 for thread-2
thread 2 start running txn 338
[txn] increment runtime 9004 for thread-2
thread 2 start running txn 342
[txn] increment runtime 9216 for thread-2
thread 2 start running txn 346
[txn] increment runtime 9090 for thread-2
thread 2 start running txn 350
[txn] increment runtime 8131 for thread-2
thread 2 start running txn 354
[txn] increment runtime 8162 for thread-2
thread 2 start running txn 358
[txn] increment runtime 8259 for thread-2
thread 2 start running txn 362
[txn] increment runtime 7561 for thread-2
thread 2 start running txn 366
[txn] increment runtime 9363 for thread-2
thread 2 start running txn 370
[txn] increment runtime 8143 for thread-2
thread 2 start running txn 374
[txn] increment runtime 8048 for thread-2
thread 2 start running txn 378
[txn] increment runtime 8925 for thread-2
thread 2 start running txn 382
[txn] increment runtime 8127 for thread-2
thread 2 start running txn 386
[txn] increment runtime 9044 for thread-2
thread 2 start running txn 390
[txn] increment runtime 8780 for thread-2
thread 2 start running txn 394
[txn] increment runtime 10342 for thread-2
thread 2 start running txn 398
[txn] increment runtime 7711 for thread-2
thread 0 start running txn 40
[txn] increment runtime 10119022 for thread-0
thread 1 start running txn 21
[txn] increment runtime 42772439 for thread-1
thread 3 start running txn 11
[txn] increment runtime 73545124 for thread-3
PASS! SimTime = 73811023
[tid=0] txn_cnt=10,abort_cnt=1
[tid=1] txn_cnt=5,abort_cnt=1
[tid=2] txn_cnt=100,abort_cnt=0
[tid=3] txn_cnt=2,abort_cnt=1
[summary] txn_cnt=117, abort_cnt=3, run_time=0.128153, time_wait=0.000089, time_ts_alloc=0.000010, time_man=0.000929, time_index=0.000098, time_abort=0.000084, time_cleanup=0.000180, latency=0.001095, deadlock_cnt=0, cycle_detect=0, dl_detect_time=0.000000, dl_wait_time=0.000000, time_query=0.126412, debug1=0.000000, debug2=0.000000, debug3=0.000000, debug4=0.000000, debug5=0.000000, throughput=3651.887022
mem_allocator initialized!
NO_WAIT
workload initialized!
Query Queue Init Time 0.003519
query_queue initialized!
[txn] detect abortion in txn 3
[txn] detect abortion in txn 0
[txn] increment runtime 41256 for thread-1
[YCSB] detected abort
[YCSB] detected abort
[txn] increment runtime 44812 for thread-2
[thread-0] txn 0 is aborted
[txn] increment runtime 16513 for thread-1
[txn] increment runtime 59299 for thread-0
[thread-3] txn 3 is aborted
[txn] increment runtime 72672 for thread-3
[txn] increment runtime 22873 for thread-2
[txn] increment runtime 21226 for thread-1
[txn] increment runtime 16474 for thread-2
[txn] increment runtime 19545 for thread-1
[txn] increment runtime 13874 for thread-2
[txn] detect abortion in txn 18
[txn] increment runtime 15187 for thread-1
[YCSB] detected abort
[thread-2] txn 18 is aborted
[txn] increment runtime 13957 for thread-2
[txn] increment runtime 15527 for thread-1
[txn] increment runtime 17724 for thread-1
[txn] increment runtime 13039 for thread-1
[txn] increment runtime 13403 for thread-1
[txn] increment runtime 14302 for thread-1
[txn] increment runtime 14142 for thread-1
[txn] increment runtime 15053 for thread-1
[txn] increment runtime 14753 for thread-1
[txn] increment runtime 12980 for thread-1
[txn] increment runtime 13428 for thread-1
[txn] increment runtime 10313 for thread-1
[txn] increment runtime 13618 for thread-1
[txn] increment runtime 11913 for thread-1
[txn] increment runtime 11390 for thread-1
[txn] increment runtime 12859 for thread-1
[txn] increment runtime 14762 for thread-1
[txn] increment runtime 11000 for thread-1
[txn] increment runtime 11607 for thread-1
[txn] increment runtime 12850 for thread-1
[txn] increment runtime 11317 for thread-1
[txn] increment runtime 12689 for thread-1
[txn] increment runtime 12096 for thread-1
[txn] increment runtime 9702 for thread-1
[txn] increment runtime 9982 for thread-1
[txn] increment runtime 10529 for thread-1
[txn] increment runtime 8668 for thread-1
[txn] increment runtime 9815 for thread-1
[txn] increment runtime 10368 for thread-1
[txn] increment runtime 11761 for thread-1
[txn] increment runtime 12211 for thread-1
[txn] increment runtime 9700 for thread-1
[txn] increment runtime 9101 for thread-1
[txn] increment runtime 11170 for thread-1
[txn] increment runtime 10562 for thread-1
[txn] increment runtime 11882 for thread-1
[txn] increment runtime 12203 for thread-1
[txn] increment runtime 10362 for thread-1
[txn] increment runtime 8495 for thread-1
[txn] increment runtime 10421 for thread-1
[txn] increment runtime 8332 for thread-1
[txn] increment runtime 10008 for thread-1
[txn] increment runtime 9790 for thread-1
[txn] increment runtime 10065 for thread-1
[txn] increment runtime 10133 for thread-1
[txn] increment runtime 10539 for thread-1
[txn] increment runtime 7806 for thread-1
[txn] increment runtime 9698 for thread-1
[txn] increment runtime 8445 for thread-1
[txn] increment runtime 9834 for thread-1
[txn] increment runtime 6592 for thread-1
[txn] increment runtime 8331 for thread-1
[txn] increment runtime 9248 for thread-1
[txn] increment runtime 9552 for thread-1
[txn] increment runtime 9061 for thread-1
[txn] increment runtime 9568 for thread-1
[txn] increment runtime 8924 for thread-1
[txn] increment runtime 9231 for thread-1
[txn] increment runtime 8046 for thread-1
[txn] increment runtime 7826 for thread-1
[txn] increment runtime 7953 for thread-1
[txn] increment runtime 8692 for thread-1
[txn] increment runtime 10888 for thread-1
[txn] increment runtime 8896 for thread-1
[txn] increment runtime 10749 for thread-1
[txn] increment runtime 8477 for thread-1
[txn] increment runtime 7443 for thread-1
[txn] increment runtime 9420 for thread-1
[txn] increment runtime 9869 for thread-1
[txn] increment runtime 8740 for thread-1
[txn] increment runtime 8544 for thread-1
[txn] increment runtime 7628 for thread-1
[txn] increment runtime 9319 for thread-1
[txn] increment runtime 6681 for thread-1
[txn] increment runtime 8038 for thread-1
[txn] increment runtime 8100 for thread-1
[txn] increment runtime 7964 for thread-1
[txn] increment runtime 7606 for thread-1
[txn] increment runtime 7689 for thread-1
[txn] increment runtime 9328 for thread-1
[txn] increment runtime 7115 for thread-1
[txn] increment runtime 7423 for thread-1
[txn] increment runtime 8842 for thread-1
[txn] increment runtime 7656 for thread-1
[txn] increment runtime 8666 for thread-1
[txn] increment runtime 7728 for thread-1
[txn] increment runtime 7139 for thread-1
[txn] increment runtime 9842 for thread-1
[txn] increment runtime 7489 for thread-1
[txn] increment runtime 8671 for thread-1
[txn] increment runtime 8455 for thread-1
[txn] increment runtime 7238 for thread-1
[txn] increment runtime 6173 for thread-1
[txn] increment runtime 8571 for thread-1
[txn] increment runtime 8443 for thread-1
[txn] increment runtime 7799 for thread-1
[txn] increment runtime 2045536 for thread-2
[txn] increment runtime 31600032 for thread-0
[txn] increment runtime 62819381 for thread-3
PASS! SimTime = 63055295
[tid=0] txn_cnt=1,abort_cnt=1
[tid=1] txn_cnt=100,abort_cnt=0
[tid=2] txn_cnt=5,abort_cnt=1
[tid=3] txn_cnt=1,abort_cnt=1
[summary] txn_cnt=107, abort_cnt=3, run_time=0.097771, time_wait=0.000000, time_ts_alloc=0.000000, time_man=0.000731, time_index=0.000079, time_abort=0.000146, time_cleanup=0.000156, latency=0.000914, deadlock_cnt=0, cycle_detect=0, dl_detect_time=0.000000, dl_wait_time=0.000000, time_query=0.096421, debug1=0.000000, debug2=0.000000, debug3=0.000000, debug4=0.000000, debug5=0.000000, throughput=4377.592426
ycsb
