mem_allocator initialized!
NO_WAIT
reading schema file: ./benchmarks/TPCC_full_schema.txt
TPCC schema initialized
TPCC Data Initialization Complete!
workload initialized!
Query Queue Init Time 0.170753
query_queue initialized!
PASS! SimTime = 238572449
[tid=0] txn_cnt=1,abort_cnt=2
[tid=1] txn_cnt=1,abort_cnt=2
[tid=2] txn_cnt=5,abort_cnt=2
[tid=3] txn_cnt=4,abort_cnt=2
[tid=4] txn_cnt=9652,abort_cnt=2
[tid=5] txn_cnt=1,abort_cnt=2
[tid=6] txn_cnt=1,abort_cnt=2
[tid=7] txn_cnt=5,abort_cnt=2
[tid=8] txn_cnt=4,abort_cnt=2
[tid=9] txn_cnt=2,abort_cnt=2
[tid=10] txn_cnt=10000,abort_cnt=1
[tid=11] txn_cnt=1,abort_cnt=2
[tid=12] txn_cnt=1,abort_cnt=3
[tid=13] txn_cnt=1,abort_cnt=3
[tid=14] txn_cnt=1,abort_cnt=2
[tid=15] txn_cnt=4,abort_cnt=3
[tid=16] txn_cnt=1,abort_cnt=3
[tid=17] txn_cnt=2,abort_cnt=2
[tid=18] txn_cnt=2,abort_cnt=2
[tid=19] txn_cnt=2,abort_cnt=2
[summary] txn_cnt=19691, abort_cnt=43, run_time=3.621877, time_wait=0.000000, time_ts_alloc=0.000000, time_man=0.069696, time_index=0.014405, time_abort=1.771338, time_cleanup=0.010636, latency=0.000184, deadlock_cnt=0, cycle_detect=0, dl_detect_time=0.000000, dl_wait_time=0.000000, time_query=3.482696, debug1=0.000000, debug2=0.000000, debug3=0.000000, debug4=0.000000, debug5=0.000000, throughput=108733.684733
mem_allocator initialized!
WAIT_DIE
reading schema file: ./benchmarks/TPCC_full_schema.txt
TPCC schema initialized
TPCC Data Initialization Complete!
workload initialized!
Query Queue Init Time 0.164629
query_queue initialized!
PASS! SimTime = 1009581885
[tid=0] txn_cnt=4137,abort_cnt=15
[tid=1] txn_cnt=3837,abort_cnt=14
[tid=2] txn_cnt=7024,abort_cnt=14
[tid=3] txn_cnt=5875,abort_cnt=12
[tid=4] txn_cnt=3961,abort_cnt=11
[tid=5] txn_cnt=4363,abort_cnt=16
[tid=6] txn_cnt=6027,abort_cnt=14
[tid=7] txn_cnt=4046,abort_cnt=11
[tid=8] txn_cnt=2216,abort_cnt=14
[tid=9] txn_cnt=1381,abort_cnt=9
[tid=10] txn_cnt=6035,abort_cnt=13
[tid=11] txn_cnt=3914,abort_cnt=12
[tid=12] txn_cnt=3556,abort_cnt=11
[tid=13] txn_cnt=2440,abort_cnt=13
[tid=14] txn_cnt=5868,abort_cnt=12
[tid=15] txn_cnt=3803,abort_cnt=11
[tid=16] txn_cnt=3484,abort_cnt=11
[tid=17] txn_cnt=4090,abort_cnt=17
[tid=18] txn_cnt=2732,abort_cnt=14
[tid=19] txn_cnt=10000,abort_cnt=16
[summary] txn_cnt=88789, abort_cnt=260, run_time=19.211338, time_wait=0.001479, time_ts_alloc=0.005125, time_man=0.457266, time_index=0.091460, time_abort=0.000457, time_cleanup=0.079758, latency=0.000216, deadlock_cnt=0, cycle_detect=0, dl_detect_time=0.000000, dl_wait_time=0.000000, time_query=18.308198, debug1=0.000000, debug2=0.000000, debug3=0.000000, debug4=0.000000, debug5=0.000000, throughput=92433.958249
mem_allocator initialized!
WOUND_WAIT
reading schema file: ./benchmarks/TPCC_full_schema.txt
TPCC schema initialized
TPCC Data Initialization Complete!
workload initialized!
Query Queue Init Time 0.171866
query_queue initialized!
PASS! SimTime = 3928522651
[tid=0] txn_cnt=311,abort_cnt=0
[tid=1] txn_cnt=1,abort_cnt=0
[tid=2] txn_cnt=2,abort_cnt=0
[tid=3] txn_cnt=2,abort_cnt=0
[tid=4] txn_cnt=1,abort_cnt=0
[tid=5] txn_cnt=1,abort_cnt=0
[tid=6] txn_cnt=36,abort_cnt=1
[tid=7] txn_cnt=1,abort_cnt=0
[tid=8] txn_cnt=1,abort_cnt=0
[tid=9] txn_cnt=1,abort_cnt=0
[tid=10] txn_cnt=1,abort_cnt=0
[tid=11] txn_cnt=36,abort_cnt=0
[tid=12] txn_cnt=5241,abort_cnt=12
[tid=13] txn_cnt=2,abort_cnt=1
[tid=14] txn_cnt=2,abort_cnt=0
[tid=15] txn_cnt=1,abort_cnt=0
[tid=16] txn_cnt=10000,abort_cnt=12
[tid=17] txn_cnt=8530,abort_cnt=11
[tid=18] txn_cnt=3,abort_cnt=1
[tid=19] txn_cnt=1,abort_cnt=0
[summary] txn_cnt=24174, abort_cnt=38, run_time=76.912553, time_wait=71.944272, time_ts_alloc=0.001779, time_man=0.422109, time_index=0.177068, time_abort=1.258122, time_cleanup=0.073286, latency=0.003182, deadlock_cnt=0, cycle_detect=0, dl_detect_time=0.000000, dl_wait_time=0.000000, time_query=2.909722, debug1=0.000000, debug2=0.000000, debug3=0.000000, debug4=0.000000, debug5=0.000000, throughput=6286.100017
tpcc
