mem_allocator initialized!
NO_WAIT
reading schema file: ./benchmarks/TPCC_full_schema.txt
TPCC schema initialized
TPCC Data Initialization Complete!
workload initialized!
Query Queue Init Time 2.200650
query_queue initialized!
PASS! SimTime = 32727886308
[tid=0] txn_cnt=98294,abort_cnt=4152904
[tid=1] txn_cnt=99203,abort_cnt=4204350
[tid=2] txn_cnt=98630,abort_cnt=4216055
[tid=3] txn_cnt=97500,abort_cnt=4151891
[tid=4] txn_cnt=98980,abort_cnt=4200744
[tid=5] txn_cnt=98540,abort_cnt=4146751
[tid=6] txn_cnt=98118,abort_cnt=4139710
[tid=7] txn_cnt=98543,abort_cnt=4182109
[tid=8] txn_cnt=98846,abort_cnt=4131210
[tid=9] txn_cnt=99333,abort_cnt=4183654
[tid=10] txn_cnt=98174,abort_cnt=4185836
[tid=11] txn_cnt=99458,abort_cnt=4170958
[tid=12] txn_cnt=99343,abort_cnt=4183662
[tid=13] txn_cnt=99485,abort_cnt=4163190
[tid=14] txn_cnt=96430,abort_cnt=4202668
[tid=15] txn_cnt=99746,abort_cnt=4151696
[tid=16] txn_cnt=99059,abort_cnt=4172862
[tid=17] txn_cnt=98579,abort_cnt=4210905
[tid=18] txn_cnt=99084,abort_cnt=4156326
[tid=19] txn_cnt=100000,abort_cnt=4190397
[summary] txn_cnt=1975345, abort_cnt=83497878, run_time=653.269914, time_wait=0.000000, time_ts_alloc=0.000000, time_man=69.947447, time_index=2.244406, time_abort=573.752573, time_cleanup=34.655924, latency=0.000331, deadlock_cnt=0, cycle_detect=0, dl_detect_time=0.000000, dl_wait_time=0.000000, time_query=3.101469, debug1=0.000000, debug2=0.000000, debug3=0.000000, debug4=0.000000, debug5=0.000000, throughput=60475.615250
mem_allocator initialized!
WAIT_DIE
reading schema file: ./benchmarks/TPCC_full_schema.txt
TPCC schema initialized
TPCC Data Initialization Complete!
workload initialized!
Query Queue Init Time 2.300988
query_queue initialized!
PASS! SimTime = 15519807369
[tid=0] txn_cnt=98996,abort_cnt=1376057
[tid=1] txn_cnt=99375,abort_cnt=1342118
[tid=2] txn_cnt=98970,abort_cnt=1339293
[tid=3] txn_cnt=98924,abort_cnt=1369564
[tid=4] txn_cnt=100000,abort_cnt=1331423
[tid=5] txn_cnt=98803,abort_cnt=1306748
[tid=6] txn_cnt=99719,abort_cnt=1371822
[tid=7] txn_cnt=98812,abort_cnt=1368158
[tid=8] txn_cnt=98806,abort_cnt=1367708
[tid=9] txn_cnt=99323,abort_cnt=1356688
[tid=10] txn_cnt=99113,abort_cnt=1317802
[tid=11] txn_cnt=99022,abort_cnt=1361470
[tid=12] txn_cnt=99346,abort_cnt=1376601
[tid=13] txn_cnt=98953,abort_cnt=1331328
[tid=14] txn_cnt=99255,abort_cnt=1383681
[tid=15] txn_cnt=99634,abort_cnt=1390927
[tid=16] txn_cnt=98874,abort_cnt=1304006
[tid=17] txn_cnt=99407,abort_cnt=1366160
[tid=18] txn_cnt=98856,abort_cnt=1306240
[tid=19] txn_cnt=99074,abort_cnt=1379905
[summary] txn_cnt=1983262, abort_cnt=27047699, run_time=309.756790, time_wait=132.344543, time_ts_alloc=0.242227, time_man=54.711797, time_index=1.984465, time_abort=112.895544, time_cleanup=18.792593, latency=0.000156, deadlock_cnt=0, cycle_detect=0, dl_detect_time=0.000000, dl_wait_time=0.000000, time_query=1.262535, debug1=0.000000, debug2=0.000000, debug3=0.000000, debug4=0.000000, debug5=0.000000, throughput=128052.850701
mem_allocator initialized!
WOUND_WAIT
reading schema file: ./benchmarks/TPCC_full_schema.txt
TPCC schema initialized
TPCC Data Initialization Complete!
workload initialized!
Query Queue Init Time 2.713927
query_queue initialized!
PASS! SimTime = 17945833819
[tid=0] txn_cnt=99939,abort_cnt=2446
[tid=1] txn_cnt=99787,abort_cnt=2224
[tid=2] txn_cnt=99943,abort_cnt=2499
[tid=3] txn_cnt=99893,abort_cnt=2318
[tid=4] txn_cnt=99886,abort_cnt=2440
[tid=5] txn_cnt=99857,abort_cnt=2391
[tid=6] txn_cnt=99835,abort_cnt=2315
[tid=7] txn_cnt=99951,abort_cnt=2503
[tid=8] txn_cnt=99912,abort_cnt=2323
[tid=9] txn_cnt=99899,abort_cnt=2441
[tid=10] txn_cnt=99913,abort_cnt=2407
[tid=11] txn_cnt=99991,abort_cnt=2418
[tid=12] txn_cnt=99833,abort_cnt=2395
[tid=13] txn_cnt=99953,abort_cnt=2459
[tid=14] txn_cnt=99909,abort_cnt=2474
[tid=15] txn_cnt=99922,abort_cnt=2388
[tid=16] txn_cnt=99887,abort_cnt=2373
[tid=17] txn_cnt=99930,abort_cnt=2528
[tid=18] txn_cnt=99927,abort_cnt=2423
[tid=19] txn_cnt=100000,abort_cnt=2512
[summary] txn_cnt=1998167, abort_cnt=48277, run_time=358.825311, time_wait=321.913119, time_ts_alloc=0.302792, time_man=20.568140, time_index=2.080273, time_abort=6.806381, time_cleanup=4.895749, latency=0.000180, deadlock_cnt=0, cycle_detect=0, dl_detect_time=0.000000, dl_wait_time=0.000000, time_query=0.398980, debug1=0.000000, debug2=0.000000, debug3=0.000000, debug4=0.000000, debug5=0.000000, throughput=111372.689665
tpcc
