mem_allocator initialized!
NO_WAIT
reading schema file: ./benchmarks/TPCC_full_schema.txt
TPCC schema initialized
TPCC Data Initialization Complete!
workload initialized!
Query Queue Init Time 0.034489
query_queue initialized!
PASS! SimTime = 197136506
[tid=0] txn_cnt=5278,abort_cnt=239
[tid=1] txn_cnt=3389,abort_cnt=195
[tid=2] txn_cnt=8988,abort_cnt=328
[tid=3] txn_cnt=10000,abort_cnt=172
[summary] txn_cnt=27655, abort_cnt=934, run_time=0.768245, time_wait=0.000000, time_ts_alloc=0.000000, time_man=0.089496, time_index=0.019996, time_abort=0.480877, time_cleanup=0.014822, latency=0.000028, deadlock_cnt=0, cycle_detect=0, dl_detect_time=0.000000, dl_wait_time=0.000000, time_query=0.581360, debug1=0.000000, debug2=0.000000, debug3=0.000000, debug4=0.000000, debug5=0.000000
mem_allocator initialized!
WAIT_DIE
reading schema file: ./benchmarks/TPCC_full_schema.txt
TPCC schema initialized
TPCC Data Initialization Complete!
workload initialized!
Query Queue Init Time 0.033831
query_queue initialized!
PASS! SimTime = 208363171
[tid=0] txn_cnt=8038,abort_cnt=165
[tid=1] txn_cnt=10000,abort_cnt=210
[tid=2] txn_cnt=4745,abort_cnt=138
[tid=3] txn_cnt=5143,abort_cnt=169
[summary] txn_cnt=27926, abort_cnt=682, run_time=0.791925, time_wait=0.000803, time_ts_alloc=0.000963, time_man=0.091773, time_index=0.020118, time_abort=0.000346, time_cleanup=0.015323, latency=0.000028, deadlock_cnt=0, cycle_detect=0, dl_detect_time=0.000000, dl_wait_time=0.000000, time_query=0.600012, debug1=0.000000, debug2=0.000000, debug3=0.000000, debug4=0.000000, debug5=0.000000
mem_allocator initialized!
WOUND_WAIT
reading schema file: ./benchmarks/TPCC_full_schema.txt
TPCC schema initialized
TPCC Data Initialization Complete!
workload initialized!
Query Queue Init Time 0.033504
query_queue initialized!
PASS! SimTime = 167143522
[tid=0] txn_cnt=6250,abort_cnt=86
[tid=1] txn_cnt=4526,abort_cnt=95
[tid=2] txn_cnt=10000,abort_cnt=201
[tid=3] txn_cnt=9244,abort_cnt=193
[summary] txn_cnt=30020, abort_cnt=575, run_time=0.666800, time_wait=0.431669, time_ts_alloc=0.001790, time_man=0.117142, time_index=0.023039, time_abort=0.006346, time_cleanup=0.024271, latency=0.000022, deadlock_cnt=0, cycle_detect=0, dl_detect_time=0.000000, dl_wait_time=0.000000, time_query=0.003070, debug1=0.000000, debug2=0.000000, debug3=0.000000, debug4=0.000000, debug5=0.000000
tpcc
