mem_allocator initialized!
WAIT_DIE
workload initialized!
Query Queue Init Time 0.167597
query_queue initialized!
PASS! SimTime = 690308102
[tid=0] txn_cnt=5594,abort_cnt=5
[tid=1] txn_cnt=5688,abort_cnt=1
[tid=2] txn_cnt=5740,abort_cnt=3
[tid=3] txn_cnt=5642,abort_cnt=7
[tid=4] txn_cnt=5900,abort_cnt=1
[tid=5] txn_cnt=5996,abort_cnt=1
[tid=6] txn_cnt=5890,abort_cnt=4
[tid=7] txn_cnt=5831,abort_cnt=3
[tid=8] txn_cnt=10000,abort_cnt=13
[tid=9] txn_cnt=6096,abort_cnt=2
[tid=10] txn_cnt=8141,abort_cnt=4
[tid=11] txn_cnt=6159,abort_cnt=9
[tid=12] txn_cnt=5665,abort_cnt=4
[tid=13] txn_cnt=6003,abort_cnt=4
[tid=14] txn_cnt=5992,abort_cnt=3
[tid=15] txn_cnt=9998,abort_cnt=9
[tid=16] txn_cnt=5981,abort_cnt=11
[tid=17] txn_cnt=6582,abort_cnt=10
[tid=18] txn_cnt=6579,abort_cnt=10
[tid=19] txn_cnt=7324,abort_cnt=7
[summary] txn_cnt=130801, abort_cnt=111, run_time=13.766133, time_wait=0.001611, time_ts_alloc=0.030440, time_man=9.103380, time_index=3.323246, time_abort=0.003825, time_cleanup=0.257453, latency=0.000105, deadlock_cnt=0, cycle_detect=0, dl_detect_time=0.000000, dl_wait_time=0.000000, time_query=0.046030, debug1=0.000000, debug2=0.000000, debug3=0.000000, debug4=0.000000, debug5=0.000000, throughput=0.000190
mem_allocator initialized!
WOUND_WAIT
workload initialized!
Query Queue Init Time 0.155678
query_queue initialized!
PASS! SimTime = 1191097485
[tid=0] txn_cnt=7655,abort_cnt=10149
[tid=1] txn_cnt=8467,abort_cnt=10189
[tid=2] txn_cnt=6834,abort_cnt=19372
[tid=3] txn_cnt=7133,abort_cnt=10103
[tid=4] txn_cnt=5049,abort_cnt=12679
[tid=5] txn_cnt=7380,abort_cnt=9249
[tid=6] txn_cnt=5526,abort_cnt=14755
[tid=7] txn_cnt=8821,abort_cnt=11718
[tid=8] txn_cnt=10000,abort_cnt=10320
[tid=9] txn_cnt=5437,abort_cnt=16663
[tid=10] txn_cnt=7678,abort_cnt=8359
[tid=11] txn_cnt=7456,abort_cnt=9268
[tid=12] txn_cnt=6789,abort_cnt=11616
[tid=13] txn_cnt=6793,abort_cnt=11604
[tid=14] txn_cnt=7455,abort_cnt=12810
[tid=15] txn_cnt=7870,abort_cnt=5871
[tid=16] txn_cnt=6327,abort_cnt=14318
[tid=17] txn_cnt=8439,abort_cnt=7278
[tid=18] txn_cnt=9226,abort_cnt=8876
[tid=19] txn_cnt=8458,abort_cnt=7201
[summary] txn_cnt=148793, abort_cnt=222398, run_time=23.609963, time_wait=0.064002, time_ts_alloc=0.034044, time_man=9.779335, time_index=4.352503, time_abort=7.927183, time_cleanup=0.769367, latency=0.000159, deadlock_cnt=0, cycle_detect=0, dl_detect_time=0.000000, dl_wait_time=0.000000, time_query=4.809048, debug1=0.000000, debug2=0.000000, debug3=0.000000, debug4=0.000000, debug5=0.000000, throughput=0.000126
mem_allocator initialized!
NO_WAIT
workload initialized!
Query Queue Init Time 0.141816
query_queue initialized!
PASS! SimTime = 662314863
[tid=0] txn_cnt=6301,abort_cnt=6
[tid=1] txn_cnt=6262,abort_cnt=6
[tid=2] txn_cnt=6955,abort_cnt=14
[tid=3] txn_cnt=6313,abort_cnt=5
[tid=4] txn_cnt=6044,abort_cnt=7
[tid=5] txn_cnt=6194,abort_cnt=6
[tid=6] txn_cnt=6063,abort_cnt=5
[tid=7] txn_cnt=6277,abort_cnt=5
[tid=8] txn_cnt=6664,abort_cnt=9
[tid=9] txn_cnt=6669,abort_cnt=4
[tid=10] txn_cnt=6768,abort_cnt=5
[tid=11] txn_cnt=6305,abort_cnt=9
[tid=12] txn_cnt=6163,abort_cnt=7
[tid=13] txn_cnt=6224,abort_cnt=9
[tid=14] txn_cnt=6131,abort_cnt=2
[tid=15] txn_cnt=8576,abort_cnt=7
[tid=16] txn_cnt=6009,abort_cnt=5
[tid=17] txn_cnt=6182,abort_cnt=4
[tid=18] txn_cnt=10000,abort_cnt=15
[tid=19] txn_cnt=7095,abort_cnt=9
[summary] txn_cnt=133195, abort_cnt=139, run_time=13.204913, time_wait=0.000000, time_ts_alloc=0.000000, time_man=8.771493, time_index=3.168382, time_abort=0.004970, time_cleanup=0.274229, latency=0.000099, deadlock_cnt=0, cycle_detect=0, dl_detect_time=0.000000, dl_wait_time=0.000000, time_query=0.009896, debug1=0.000000, debug2=0.000000, debug3=0.000000, debug4=0.000000, debug5=0.000000, throughput=0.000202
ycsb
